This file contains any messages produced by compilers while
running configure, to aid debugging if configure makes a mistake.

It was created by umem configure 1.0.2, which was
generated by GNU Autoconf 2.69.  Invocation command line was

  $ ./configure --no-create --no-recursion

## --------- ##
## Platform. ##
## --------- ##

hostname = baohua-VirtualBox
uname -m = i686
uname -r = 4.0.0-040000-generic
uname -s = Linux
uname -v = #201504121935 SMP Sun Apr 12 23:58:08 UTC 2015

/usr/bin/uname -p = unknown
/bin/uname -X     = unknown

/bin/arch              = unknown
/usr/bin/arch -k       = unknown
/usr/convex/getsysinfo = unknown
/usr/bin/hostinfo      = unknown
/bin/machine           = unknown
/usr/bin/oslevel       = unknown
/bin/universe          = unknown

PATH: /usr/local/sbin
PATH: /usr/local/bin
PATH: /usr/sbin
PATH: /usr/bin
PATH: /sbin
PATH: /bin
PATH: /usr/games
PATH: /usr/local/games
PATH: /home/baohua/agl/gcc-linaro-aarch64-linux-gnu-4.9-2014.07_linux/bin


## ----------- ##
## Core tests. ##
## ----------- ##

configure:2251: checking for a BSD-compatible install
configure:2319: result: /usr/bin/install -c
configure:2330: checking whether build environment is sane
configure:2385: result: yes
configure:2536: checking for a thread-safe mkdir -p
configure:2575: result: /bin/mkdir -p
configure:2582: checking for gawk
configure:2598: found /usr/bin/gawk
configure:2609: result: gawk
configure:2620: checking whether make sets $(MAKE)
configure:2642: result: yes
configure:2671: checking whether make supports nested variables
configure:2688: result: yes
configure:2862: checking for gcc
configure:2878: found /usr/bin/gcc
configure:2889: result: gcc
configure:3118: checking for C compiler version
configure:3127: gcc --version >&5
gcc (Ubuntu 4.8.2-19ubuntu1) 4.8.2
Copyright (C) 2013 Free Software Foundation, Inc.
This is free software; see the source for copying conditions.  There is NO
warranty; not even for MERCHANTABILITY or FITNESS FOR A PARTICULAR PURPOSE.

configure:3138: $? = 0
configure:3127: gcc -v >&5
Using built-in specs.
COLLECT_GCC=gcc
COLLECT_LTO_WRAPPER=/usr/lib/gcc/i686-linux-gnu/4.8/lto-wrapper
Target: i686-linux-gnu
Configured with: ../src/configure -v --with-pkgversion='Ubuntu 4.8.2-19ubuntu1' --with-bugurl=file:///usr/share/doc/gcc-4.8/README.Bugs --enable-languages=c,c++,java,go,d,fortran,objc,obj-c++ --prefix=/usr --program-suffix=-4.8 --enable-shared --enable-linker-build-id --libexecdir=/usr/lib --without-included-gettext --enable-threads=posix --with-gxx-include-dir=/usr/include/c++/4.8 --libdir=/usr/lib --enable-nls --with-sysroot=/ --enable-clocale=gnu --enable-libstdcxx-debug --enable-libstdcxx-time=yes --enable-gnu-unique-object --disable-libmudflap --enable-plugin --with-system-zlib --disable-browser-plugin --enable-java-awt=gtk --enable-gtk-cairo --with-java-home=/usr/lib/jvm/java-1.5.0-gcj-4.8-i386/jre --enable-java-home --with-jvm-root-dir=/usr/lib/jvm/java-1.5.0-gcj-4.8-i386 --with-jvm-jar-dir=/usr/lib/jvm-exports/java-1.5.0-gcj-4.8-i386 --with-arch-directory=i386 --with-ecj-jar=/usr/share/java/eclipse-ecj.jar --enable-objc-gc --enable-targets=all --enable-multiarch --disable-werror --with-arch-32=i686 --with-multilib-list=m32,m64,mx32 --with-tune=generic --enable-checking=release --build=i686-linux-gnu --host=i686-linux-gnu --target=i686-linux-gnu
Thread model: posix
gcc version 4.8.2 (Ubuntu 4.8.2-19ubuntu1) 
configure:3138: $? = 0
configure:3127: gcc -V >&5
gcc: error: unrecognized command line option '-V'
gcc: fatal error: no input files
compilation terminated.
configure:3138: $? = 4
configure:3127: gcc -qversion >&5
gcc: error: unrecognized command line option '-qversion'
gcc: fatal error: no input files
compilation terminated.
configure:3138: $? = 4
configure:3158: checking whether the C compiler works
configure:3180: gcc    conftest.c  >&5
configure:3184: $? = 0
configure:3232: result: yes
configure:3235: checking for C compiler default output file name
configure:3237: result: a.out
configure:3243: checking for suffix of executables
configure:3250: gcc -o conftest    conftest.c  >&5
configure:3254: $? = 0
configure:3276: result: 
configure:3298: checking whether we are cross compiling
configure:3306: gcc -o conftest    conftest.c  >&5
configure:3310: $? = 0
configure:3317: ./conftest
configure:3321: $? = 0
configure:3336: result: no
configure:3341: checking for suffix of object files
configure:3363: gcc -c   conftest.c >&5
configure:3367: $? = 0
configure:3388: result: o
configure:3392: checking whether we are using the GNU C compiler
configure:3411: gcc -c   conftest.c >&5
configure:3411: $? = 0
configure:3420: result: yes
configure:3429: checking whether gcc accepts -g
configure:3449: gcc -c -g  conftest.c >&5
configure:3449: $? = 0
configure:3490: result: yes
configure:3507: checking for gcc option to accept ISO C89
configure:3570: gcc  -c -g -O2  conftest.c >&5
configure:3570: $? = 0
configure:3583: result: none needed
configure:3608: checking whether gcc understands -c and -o together
configure:3630: gcc -c conftest.c -o conftest2.o
configure:3633: $? = 0
configure:3630: gcc -c conftest.c -o conftest2.o
configure:3633: $? = 0
configure:3645: result: yes
configure:3673: checking for style of include used by make
configure:3701: result: GNU
configure:3727: checking dependency style of gcc
configure:3838: result: gcc3
configure:3862: checking dependency style of gcc
configure:3971: result: gcc3
configure:4015: checking build system type
configure:4029: result: i686-pc-linux-gnu
configure:4049: checking host system type
configure:4062: result: i686-pc-linux-gnu
configure:4103: checking how to print strings
configure:4130: result: printf
configure:4151: checking for a sed that does not truncate output
configure:4215: result: /bin/sed
configure:4233: checking for grep that handles long lines and -e
configure:4291: result: /bin/grep
configure:4296: checking for egrep
configure:4358: result: /bin/grep -E
configure:4363: checking for fgrep
configure:4425: result: /bin/grep -F
configure:4460: checking for ld used by gcc
configure:4527: result: /usr/bin/ld
configure:4534: checking if the linker (/usr/bin/ld) is GNU ld
configure:4549: result: yes
configure:4561: checking for BSD- or MS-compatible name lister (nm)
configure:4610: result: /usr/bin/nm -B
configure:4740: checking the name lister (/usr/bin/nm -B) interface
configure:4747: gcc -c -g -O2  conftest.c >&5
configure:4750: /usr/bin/nm -B "conftest.o"
configure:4753: output
00000000 B some_variable
configure:4760: result: BSD nm
configure:4763: checking whether ln -s works
configure:4767: result: yes
configure:4775: checking the maximum length of command line arguments
configure:4906: result: 805306365
configure:4923: checking whether the shell understands some XSI constructs
configure:4933: result: yes
configure:4937: checking whether the shell understands "+="
configure:4943: result: yes
configure:4978: checking how to convert i686-pc-linux-gnu file names to i686-pc-linux-gnu format
configure:5018: result: func_convert_file_noop
configure:5025: checking how to convert i686-pc-linux-gnu file names to toolchain format
configure:5045: result: func_convert_file_noop
configure:5052: checking for /usr/bin/ld option to reload object files
configure:5059: result: -r
configure:5133: checking for objdump
configure:5149: found /usr/bin/objdump
configure:5160: result: objdump
configure:5192: checking how to recognize dependent libraries
configure:5390: result: pass_all
configure:5475: checking for dlltool
configure:5505: result: no
configure:5535: checking how to associate runtime and link libraries
configure:5562: result: printf %s\n
configure:5623: checking for ar
configure:5639: found /usr/bin/ar
configure:5650: result: ar
configure:5687: checking for archiver @FILE support
configure:5704: gcc -c -g -O2  conftest.c >&5
configure:5704: $? = 0
configure:5707: ar cru libconftest.a @conftest.lst >&5
configure:5710: $? = 0
configure:5715: ar cru libconftest.a @conftest.lst >&5
ar: conftest.o: No such file or directory
configure:5718: $? = 1
configure:5730: result: @
configure:5788: checking for strip
configure:5804: found /usr/bin/strip
configure:5815: result: strip
configure:5887: checking for ranlib
configure:5903: found /usr/bin/ranlib
configure:5914: result: ranlib
configure:6016: checking command to parse /usr/bin/nm -B output from gcc object
configure:6136: gcc -c -g -O2  conftest.c >&5
configure:6139: $? = 0
configure:6143: /usr/bin/nm -B conftest.o \| sed -n -e 's/^.*[ ]\([ABCDGIRSTW][ABCDGIRSTW]*\)[ ][ ]*\([_A-Za-z][_A-Za-z0-9]*\)$/\1 \2 \2/p' | sed '/ __gnu_lto/d' \> conftest.nm
configure:6146: $? = 0
configure:6212: gcc -o conftest -g -O2   conftest.c conftstm.o >&5
configure:6215: $? = 0
configure:6253: result: ok
configure:6290: checking for sysroot
configure:6320: result: no
configure:6589: checking for mt
configure:6605: found /bin/mt
configure:6616: result: mt
configure:6639: checking if mt is a manifest tool
configure:6645: mt '-?'
configure:6653: result: no
configure:7295: checking how to run the C preprocessor
configure:7326: gcc -E  conftest.c
configure:7326: $? = 0
configure:7340: gcc -E  conftest.c
conftest.c:11:28: fatal error: ac_nonexistent.h: No such file or directory
 #include <ac_nonexistent.h>
                            ^
compilation terminated.
configure:7340: $? = 1
configure: failed program was:
| /* confdefs.h */
| #define PACKAGE_NAME "umem"
| #define PACKAGE_TARNAME "umem"
| #define PACKAGE_VERSION "1.0.2"
| #define PACKAGE_STRING "umem 1.0.2"
| #define PACKAGE_BUGREPORT ""
| #define PACKAGE_URL ""
| #define PACKAGE "umem"
| #define VERSION "1.0.2"
| /* end confdefs.h.  */
| #include <ac_nonexistent.h>
configure:7365: result: gcc -E
configure:7385: gcc -E  conftest.c
configure:7385: $? = 0
configure:7399: gcc -E  conftest.c
conftest.c:11:28: fatal error: ac_nonexistent.h: No such file or directory
 #include <ac_nonexistent.h>
                            ^
compilation terminated.
configure:7399: $? = 1
configure: failed program was:
| /* confdefs.h */
| #define PACKAGE_NAME "umem"
| #define PACKAGE_TARNAME "umem"
| #define PACKAGE_VERSION "1.0.2"
| #define PACKAGE_STRING "umem 1.0.2"
| #define PACKAGE_BUGREPORT ""
| #define PACKAGE_URL ""
| #define PACKAGE "umem"
| #define VERSION "1.0.2"
| /* end confdefs.h.  */
| #include <ac_nonexistent.h>
configure:7428: checking for ANSI C header files
configure:7448: gcc -c -g -O2  conftest.c >&5
configure:7448: $? = 0
configure:7521: gcc -o conftest -g -O2   conftest.c  >&5
configure:7521: $? = 0
configure:7521: ./conftest
configure:7521: $? = 0
configure:7532: result: yes
configure:7545: checking for sys/types.h
configure:7545: gcc -c -g -O2  conftest.c >&5
configure:7545: $? = 0
configure:7545: result: yes
configure:7545: checking for sys/stat.h
configure:7545: gcc -c -g -O2  conftest.c >&5
configure:7545: $? = 0
configure:7545: result: yes
configure:7545: checking for stdlib.h
configure:7545: gcc -c -g -O2  conftest.c >&5
configure:7545: $? = 0
configure:7545: result: yes
configure:7545: checking for string.h
configure:7545: gcc -c -g -O2  conftest.c >&5
configure:7545: $? = 0
configure:7545: result: yes
configure:7545: checking for memory.h
configure:7545: gcc -c -g -O2  conftest.c >&5
configure:7545: $? = 0
configure:7545: result: yes
configure:7545: checking for strings.h
configure:7545: gcc -c -g -O2  conftest.c >&5
configure:7545: $? = 0
configure:7545: result: yes
configure:7545: checking for inttypes.h
configure:7545: gcc -c -g -O2  conftest.c >&5
configure:7545: $? = 0
configure:7545: result: yes
configure:7545: checking for stdint.h
configure:7545: gcc -c -g -O2  conftest.c >&5
configure:7545: $? = 0
configure:7545: result: yes
configure:7545: checking for unistd.h
configure:7545: gcc -c -g -O2  conftest.c >&5
configure:7545: $? = 0
configure:7545: result: yes
configure:7559: checking for dlfcn.h
configure:7559: gcc -c -g -O2  conftest.c >&5
configure:7559: $? = 0
configure:7559: result: yes
configure:7765: checking for objdir
configure:7780: result: .libs
configure:8047: checking if gcc supports -fno-rtti -fno-exceptions
configure:8065: gcc -c -g -O2  -fno-rtti -fno-exceptions conftest.c >&5
cc1: warning: command line option '-fno-rtti' is valid for C++/ObjC++ but not for C [enabled by default]
configure:8069: $? = 0
configure:8082: result: no
configure:8409: checking for gcc option to produce PIC
configure:8416: result: -fPIC -DPIC
configure:8424: checking if gcc PIC flag -fPIC -DPIC works
configure:8442: gcc -c -g -O2  -fPIC -DPIC -DPIC conftest.c >&5
configure:8446: $? = 0
configure:8459: result: yes
configure:8488: checking if gcc static flag -static works
configure:8516: result: yes
configure:8531: checking if gcc supports -c -o file.o
configure:8552: gcc -c -g -O2  -o out/conftest2.o conftest.c >&5
configure:8556: $? = 0
configure:8578: result: yes
configure:8586: checking if gcc supports -c -o file.o
configure:8633: result: yes
configure:8666: checking whether the gcc linker (/usr/bin/ld) supports shared libraries
configure:9823: result: yes
configure:9860: checking whether -lc should be explicitly linked in
configure:9868: gcc -c -g -O2  conftest.c >&5
configure:9871: $? = 0
configure:9886: gcc -shared  -fPIC -DPIC conftest.o  -v -Wl,-soname -Wl,conftest -o conftest 2\>\&1 \| /bin/grep  -lc  \>/dev/null 2\>\&1
configure:9889: $? = 0
configure:9903: result: no
configure:10063: checking dynamic linker characteristics
configure:10563: gcc -o conftest -g -O2   -Wl,-rpath -Wl,/foo conftest.c  >&5
configure:10563: $? = 0
configure:10797: result: GNU/Linux ld.so
configure:10904: checking how to hardcode library paths into programs
configure:10929: result: immediate
configure:11469: checking whether stripping libraries is possible
configure:11474: result: yes
configure:11509: checking if libtool supports shared libraries
configure:11511: result: yes
configure:11514: checking whether to build shared libraries
configure:11535: result: yes
configure:11538: checking whether to build static libraries
configure:11542: result: yes
configure:11580: checking for inline
configure:11596: gcc -c -g -O2  conftest.c >&5
configure:11596: $? = 0
configure:11604: result: inline
configure:11623: checking whether pthread_mutex_t is larger than 24 bytes
configure:11638: gcc -o conftest -g -O2   conftest.c  >&5
configure:11638: $? = 0
configure:11638: ./conftest
configure:11638: $? = 0
configure:11639: result: yes
configure:11658: checking for dlopen in -ldl
configure:11683: gcc -o conftest -g -O2   conftest.c -ldl   >&5
configure:11683: $? = 0
configure:11692: result: yes
configure:11707: checking sys/mman.h usability
configure:11707: gcc -c -g -O2  conftest.c >&5
configure:11707: $? = 0
configure:11707: result: yes
configure:11707: checking sys/mman.h presence
configure:11707: gcc -E  conftest.c
configure:11707: $? = 0
configure:11707: result: yes
configure:11707: checking for sys/mman.h
configure:11707: result: yes
configure:11707: checking sys/sysmacros.h usability
configure:11707: gcc -c -g -O2  conftest.c >&5
configure:11707: $? = 0
configure:11707: result: yes
configure:11707: checking sys/sysmacros.h presence
configure:11707: gcc -E  conftest.c
configure:11707: $? = 0
configure:11707: result: yes
configure:11707: checking for sys/sysmacros.h
configure:11707: result: yes
configure:11707: checking sys/time.h usability
configure:11707: gcc -c -g -O2  conftest.c >&5
configure:11707: $? = 0
configure:11707: result: yes
configure:11707: checking sys/time.h presence
configure:11707: gcc -E  conftest.c
configure:11707: $? = 0
configure:11707: result: yes
configure:11707: checking for sys/time.h
configure:11707: result: yes
configure:11707: checking malloc.h usability
configure:11707: gcc -c -g -O2  conftest.c >&5
configure:11707: $? = 0
configure:11707: result: yes
configure:11707: checking malloc.h presence
configure:11707: gcc -E  conftest.c
configure:11707: $? = 0
configure:11707: result: yes
configure:11707: checking for malloc.h
configure:11707: result: yes
configure:11720: checking for issetugid
configure:11720: gcc -o conftest -g -O2   conftest.c -ldl  >&5
/tmp/ccpR6n1o.o: In function `main':
/home/baohua/develop/training/memory_check/libumem/conftest.c:62: undefined reference to `issetugid'
collect2: error: ld returned 1 exit status
configure:11720: $? = 1
configure: failed program was:
| /* confdefs.h */
| #define PACKAGE_NAME "umem"
| #define PACKAGE_TARNAME "umem"
| #define PACKAGE_VERSION "1.0.2"
| #define PACKAGE_STRING "umem 1.0.2"
| #define PACKAGE_BUGREPORT ""
| #define PACKAGE_URL ""
| #define PACKAGE "umem"
| #define VERSION "1.0.2"
| #define STDC_HEADERS 1
| #define HAVE_SYS_TYPES_H 1
| #define HAVE_SYS_STAT_H 1
| #define HAVE_STDLIB_H 1
| #define HAVE_STRING_H 1
| #define HAVE_MEMORY_H 1
| #define HAVE_STRINGS_H 1
| #define HAVE_INTTYPES_H 1
| #define HAVE_STDINT_H 1
| #define HAVE_UNISTD_H 1
| #define HAVE_DLFCN_H 1
| #define LT_OBJDIR ".libs/"
| #define HAVE_LIBDL 1
| #define HAVE_SYS_MMAN_H 1
| #define HAVE_SYS_SYSMACROS_H 1
| #define HAVE_SYS_TIME_H 1
| #define HAVE_MALLOC_H 1
| /* end confdefs.h.  */
| /* Define issetugid to an innocuous variant, in case <limits.h> declares issetugid.
|    For example, HP-UX 11i <limits.h> declares gettimeofday.  */
| #define issetugid innocuous_issetugid
| 
| /* System header to define __stub macros and hopefully few prototypes,
|     which can conflict with char issetugid (); below.
|     Prefer <limits.h> to <assert.h> if __STDC__ is defined, since
|     <limits.h> exists even on freestanding compilers.  */
| 
| #ifdef __STDC__
| # include <limits.h>
| #else
| # include <assert.h>
| #endif
| 
| #undef issetugid
| 
| /* Override any GCC internal prototype to avoid an error.
|    Use char because int might match the return type of a GCC
|    builtin and then its argument prototype would still apply.  */
| #ifdef __cplusplus
| extern "C"
| #endif
| char issetugid ();
| /* The GNU C library defines this for functions which it implements
|     to always fail with ENOSYS.  Some functions are actually named
|     something starting with __ and the normal name is an alias.  */
| #if defined __stub_issetugid || defined __stub___issetugid
| choke me
| #endif
| 
| int
| main ()
| {
| return issetugid ();
|   ;
|   return 0;
| }
configure:11720: result: no
configure:11720: checking for mallinfo
configure:11720: gcc -o conftest -g -O2   conftest.c -ldl  >&5
configure:11720: $? = 0
configure:11720: result: yes
configure:11720: checking for malloc_stats
configure:11720: gcc -o conftest -g -O2   conftest.c -ldl  >&5
configure:11720: $? = 0
configure:11720: result: yes
configure:11844: checking that generated files are newer than configure
configure:11850: result: done
configure:11877: creating ./config.status

## ---------------- ##
## Cache variables. ##
## ---------------- ##

ac_cv_build=i686-pc-linux-gnu
ac_cv_c_compiler_gnu=yes
ac_cv_c_inline=inline
ac_cv_env_CCASFLAGS_set=
ac_cv_env_CCASFLAGS_value=
ac_cv_env_CCAS_set=
ac_cv_env_CCAS_value=
ac_cv_env_CC_set=
ac_cv_env_CC_value=
ac_cv_env_CFLAGS_set=
ac_cv_env_CFLAGS_value=
ac_cv_env_CPPFLAGS_set=
ac_cv_env_CPPFLAGS_value=
ac_cv_env_CPP_set=
ac_cv_env_CPP_value=
ac_cv_env_LDFLAGS_set=
ac_cv_env_LDFLAGS_value=
ac_cv_env_LIBS_set=
ac_cv_env_LIBS_value=
ac_cv_env_build_alias_set=
ac_cv_env_build_alias_value=
ac_cv_env_host_alias_set=
ac_cv_env_host_alias_value=
ac_cv_env_target_alias_set=
ac_cv_env_target_alias_value=
ac_cv_func_issetugid=no
ac_cv_func_mallinfo=yes
ac_cv_func_malloc_stats=yes
ac_cv_header_dlfcn_h=yes
ac_cv_header_inttypes_h=yes
ac_cv_header_malloc_h=yes
ac_cv_header_memory_h=yes
ac_cv_header_stdc=yes
ac_cv_header_stdint_h=yes
ac_cv_header_stdlib_h=yes
ac_cv_header_string_h=yes
ac_cv_header_strings_h=yes
ac_cv_header_sys_mman_h=yes
ac_cv_header_sys_stat_h=yes
ac_cv_header_sys_sysmacros_h=yes
ac_cv_header_sys_time_h=yes
ac_cv_header_sys_types_h=yes
ac_cv_header_unistd_h=yes
ac_cv_host=i686-pc-linux-gnu
ac_cv_lib_dl_dlopen=yes
ac_cv_objext=o
ac_cv_path_EGREP='/bin/grep -E'
ac_cv_path_FGREP='/bin/grep -F'
ac_cv_path_GREP=/bin/grep
ac_cv_path_SED=/bin/sed
ac_cv_path_install='/usr/bin/install -c'
ac_cv_path_mkdir=/bin/mkdir
ac_cv_prog_AWK=gawk
ac_cv_prog_CPP='gcc -E'
ac_cv_prog_ac_ct_AR=ar
ac_cv_prog_ac_ct_CC=gcc
ac_cv_prog_ac_ct_MANIFEST_TOOL=mt
ac_cv_prog_ac_ct_OBJDUMP=objdump
ac_cv_prog_ac_ct_RANLIB=ranlib
ac_cv_prog_ac_ct_STRIP=strip
ac_cv_prog_cc_c89=
ac_cv_prog_cc_g=yes
ac_cv_prog_make_make_set=yes
am_cv_CCAS_dependencies_compiler_type=gcc3
am_cv_CC_dependencies_compiler_type=gcc3
am_cv_make_support_nested_variables=yes
am_cv_prog_cc_c_o=yes
lt_cv_ar_at_file=@
lt_cv_archive_cmds_need_lc=no
lt_cv_deplibs_check_method=pass_all
lt_cv_file_magic_cmd='$MAGIC_CMD'
lt_cv_file_magic_test_file=
lt_cv_ld_reload_flag=-r
lt_cv_nm_interface='BSD nm'
lt_cv_objdir=.libs
lt_cv_path_LD=/usr/bin/ld
lt_cv_path_NM='/usr/bin/nm -B'
lt_cv_path_mainfest_tool=no
lt_cv_prog_compiler_c_o=yes
lt_cv_prog_compiler_pic='-fPIC -DPIC'
lt_cv_prog_compiler_pic_works=yes
lt_cv_prog_compiler_rtti_exceptions=no
lt_cv_prog_compiler_static_works=yes
lt_cv_prog_gnu_ld=yes
lt_cv_sharedlib_from_linklib_cmd='printf %s\n'
lt_cv_shlibpath_overrides_runpath=no
lt_cv_sys_global_symbol_pipe='sed -n -e '\''s/^.*[	 ]\([ABCDGIRSTW][ABCDGIRSTW]*\)[	 ][	 ]*\([_A-Za-z][_A-Za-z0-9]*\)$/\1 \2 \2/p'\'' | sed '\''/ __gnu_lto/d'\'''
lt_cv_sys_global_symbol_to_c_name_address='sed -n -e '\''s/^: \([^ ]*\)[ ]*$/  {\"\1\", (void *) 0},/p'\'' -e '\''s/^[ABCDGIRSTW]* \([^ ]*\) \([^ ]*\)$/  {"\2", (void *) \&\2},/p'\'''
lt_cv_sys_global_symbol_to_c_name_address_lib_prefix='sed -n -e '\''s/^: \([^ ]*\)[ ]*$/  {\"\1\", (void *) 0},/p'\'' -e '\''s/^[ABCDGIRSTW]* \([^ ]*\) \(lib[^ ]*\)$/  {"\2", (void *) \&\2},/p'\'' -e '\''s/^[ABCDGIRSTW]* \([^ ]*\) \([^ ]*\)$/  {"lib\2", (void *) \&\2},/p'\'''
lt_cv_sys_global_symbol_to_cdecl='sed -n -e '\''s/^T .* \(.*\)$/extern int \1();/p'\'' -e '\''s/^[ABCDGIRSTW]* .* \(.*\)$/extern char \1;/p'\'''
lt_cv_sys_max_cmd_len=805306365
lt_cv_to_host_file_cmd=func_convert_file_noop
lt_cv_to_tool_file_cmd=func_convert_file_noop

## ----------------- ##
## Output variables. ##
## ----------------- ##

ACLOCAL='${SHELL} /home/baohua/develop/training/memory_check/libumem/missing aclocal-1.14'
AMDEPBACKSLASH='\'
AMDEP_FALSE='#'
AMDEP_TRUE=''
AMTAR='$${TAR-tar}'
AM_BACKSLASH='\'
AM_DEFAULT_V='$(AM_DEFAULT_VERBOSITY)'
AM_DEFAULT_VERBOSITY='1'
AM_V='$(V)'
AR='ar'
AUTOCONF='${SHELL} /home/baohua/develop/training/memory_check/libumem/missing autoconf'
AUTOHEADER='${SHELL} /home/baohua/develop/training/memory_check/libumem/missing autoheader'
AUTOMAKE='${SHELL} /home/baohua/develop/training/memory_check/libumem/missing automake-1.14'
AWK='gawk'
CC='gcc'
CCAS='gcc'
CCASDEPMODE='depmode=gcc3'
CCASFLAGS='-g -O2'
CCDEPMODE='depmode=gcc3'
CFLAGS='-g -O2'
CPP='gcc -E'
CPPFLAGS=''
CYGPATH_W='echo'
DEFS='-DHAVE_CONFIG_H'
DEPDIR='.deps'
DLLTOOL='false'
DSYMUTIL=''
DUMPBIN=''
ECHO_C=''
ECHO_N='-n'
ECHO_T=''
EGREP='/bin/grep -E'
EXEEXT=''
FGREP='/bin/grep -F'
GREP='/bin/grep'
INSTALL_DATA='${INSTALL} -m 644'
INSTALL_PROGRAM='${INSTALL}'
INSTALL_SCRIPT='${INSTALL}'
INSTALL_STRIP_PROGRAM='$(install_sh) -c -s'
LD='/usr/bin/ld'
LDFLAGS=''
LIBOBJS=''
LIBS='-ldl '
LIBTOOL='$(SHELL) $(top_builddir)/libtool'
LIPO=''
LN_S='ln -s'
LTLIBOBJS=''
MAKEINFO='${SHELL} /home/baohua/develop/training/memory_check/libumem/missing makeinfo'
MANIFEST_TOOL=':'
MKDIR_P='/bin/mkdir -p'
NM='/usr/bin/nm -B'
NMEDIT=''
OBJDUMP='objdump'
OBJEXT='o'
OTOOL64=''
OTOOL=''
PACKAGE='umem'
PACKAGE_BUGREPORT=''
PACKAGE_NAME='umem'
PACKAGE_STRING='umem 1.0.2'
PACKAGE_TARNAME='umem'
PACKAGE_URL=''
PACKAGE_VERSION='1.0.2'
PATH_SEPARATOR=':'
RANLIB='ranlib'
SED='/bin/sed'
SET_MAKE=''
SHELL='/bin/sh'
STRIP='strip'
VERSION='1.0.2'
ac_ct_AR='ar'
ac_ct_CC='gcc'
ac_ct_DUMPBIN=''
am__EXEEXT_FALSE=''
am__EXEEXT_TRUE='#'
am__fastdepCCAS_FALSE='#'
am__fastdepCCAS_TRUE=''
am__fastdepCC_FALSE='#'
am__fastdepCC_TRUE=''
am__include='include'
am__isrc=''
am__leading_dot='.'
am__nodep='_no'
am__quote=''
am__tar='$${TAR-tar} chof - "$$tardir"'
am__untar='$${TAR-tar} xf -'
bindir='${exec_prefix}/bin'
build='i686-pc-linux-gnu'
build_alias=''
build_cpu='i686'
build_os='linux-gnu'
build_vendor='pc'
datadir='${datarootdir}'
datarootdir='${prefix}/share'
docdir='${datarootdir}/doc/${PACKAGE_TARNAME}'
dvidir='${docdir}'
exec_prefix='${prefix}'
host='i686-pc-linux-gnu'
host_alias=''
host_cpu='i686'
host_os='linux-gnu'
host_vendor='pc'
htmldir='${docdir}'
includedir='${prefix}/include'
infodir='${datarootdir}/info'
install_sh='${SHELL} /home/baohua/develop/training/memory_check/libumem/install-sh'
libdir='${exec_prefix}/lib'
libexecdir='${exec_prefix}/libexec'
localedir='${datarootdir}/locale'
localstatedir='${prefix}/var'
mandir='${datarootdir}/man'
mkdir_p='$(MKDIR_P)'
oldincludedir='/usr/include'
pdfdir='${docdir}'
prefix='/usr/local'
program_transform_name='s,x,x,'
psdir='${docdir}'
sbindir='${exec_prefix}/sbin'
sharedstatedir='${prefix}/com'
sysconfdir='${prefix}/etc'
target_alias=''

## ----------- ##
## confdefs.h. ##
## ----------- ##

/* confdefs.h */
#define PACKAGE_NAME "umem"
#define PACKAGE_TARNAME "umem"
#define PACKAGE_VERSION "1.0.2"
#define PACKAGE_STRING "umem 1.0.2"
#define PACKAGE_BUGREPORT ""
#define PACKAGE_URL ""
#define PACKAGE "umem"
#define VERSION "1.0.2"
#define STDC_HEADERS 1
#define HAVE_SYS_TYPES_H 1
#define HAVE_SYS_STAT_H 1
#define HAVE_STDLIB_H 1
#define HAVE_STRING_H 1
#define HAVE_MEMORY_H 1
#define HAVE_STRINGS_H 1
#define HAVE_INTTYPES_H 1
#define HAVE_STDINT_H 1
#define HAVE_UNISTD_H 1
#define HAVE_DLFCN_H 1
#define LT_OBJDIR ".libs/"
#define HAVE_LIBDL 1
#define HAVE_SYS_MMAN_H 1
#define HAVE_SYS_SYSMACROS_H 1
#define HAVE_SYS_TIME_H 1
#define HAVE_MALLOC_H 1
#define HAVE_MALLINFO 1
#define HAVE_MALLOC_STATS 1

configure: exit 0

## ---------------------- ##
## Running config.status. ##
## ---------------------- ##

This file was extended by umem config.status 1.0.2, which was
generated by GNU Autoconf 2.69.  Invocation command line was

  CONFIG_FILES    = 
  CONFIG_HEADERS  = 
  CONFIG_LINKS    = 
  CONFIG_COMMANDS = 
  $ ./config.status 

on baohua-VirtualBox

config.status:1094: creating Makefile
config.status:1094: creating Doxyfile
config.status:1094: creating umem.spec
config.status:1094: creating config.h
config.status:1275: config.h is unchanged
config.status:1323: executing depfiles commands
config.status:1323: executing libtool commands

## ---------------------- ##
## Running config.status. ##
## ---------------------- ##

This file was extended by umem config.status 1.0.2, which was
generated by GNU Autoconf 2.69.  Invocation command line was

  CONFIG_FILES    = 
  CONFIG_HEADERS  = 
  CONFIG_LINKS    = 
  CONFIG_COMMANDS = 
  $ ./config.status config.h

on baohua-VirtualBox

config.status:1094: creating config.h
config.status:1275: config.h is unchanged
